I hope there is no error.
--------------------------------------------------------------------------------
EEG_S01
10
rawdata/20190402_RSVP_EEG_S01/10.cnt
processed_data/EEG_S01/block_10_raw.fif
processed_data/EEG_S01/block_10_ica-raw.fif
02
rawdata/20190402_RSVP_EEG_S01/2.cnt
processed_data/EEG_S01/block_02_raw.fif
processed_data/EEG_S01/block_02_ica-raw.fif
03
rawdata/20190402_RSVP_EEG_S01/3.cnt
processed_data/EEG_S01/block_03_raw.fif
processed_data/EEG_S01/block_03_ica-raw.fif
04
rawdata/20190402_RSVP_EEG_S01/4.cnt
processed_data/EEG_S01/block_04_raw.fif
processed_data/EEG_S01/block_04_ica-raw.fif
05
rawdata/20190402_RSVP_EEG_S01/5.cnt
processed_data/EEG_S01/block_05_raw.fif
processed_data/EEG_S01/block_05_ica-raw.fif
06
rawdata/20190402_RSVP_EEG_S01/6.cnt
processed_data/EEG_S01/block_06_raw.fif
processed_data/EEG_S01/block_06_ica-raw.fif
07
rawdata/20190402_RSVP_EEG_S01/7.cnt
processed_data/EEG_S01/block_07_raw.fif
processed_data/EEG_S01/block_07_ica-raw.fif
08
rawdata/20190402_RSVP_EEG_S01/8.cnt
processed_data/EEG_S01/block_08_raw.fif
processed_data/EEG_S01/block_08_ica-raw.fif
09
rawdata/20190402_RSVP_EEG_S01/9.cnt
processed_data/EEG_S01/block_09_raw.fif
processed_data/EEG_S01/block_09_ica-raw.fif
--------------------------------------------------------------------------------
EEG_S02
10
rawdata/20190402_RSVP_EEG_S02/10.cnt
processed_data/EEG_S02/block_10_raw.fif
processed_data/EEG_S02/block_10_ica-raw.fif
02
rawdata/20190402_RSVP_EEG_S02/2.cnt
processed_data/EEG_S02/block_02_raw.fif
processed_data/EEG_S02/block_02_ica-raw.fif
03
rawdata/20190402_RSVP_EEG_S02/3.cnt
processed_data/EEG_S02/block_03_raw.fif
processed_data/EEG_S02/block_03_ica-raw.fif
04
rawdata/20190402_RSVP_EEG_S02/4.cnt
processed_data/EEG_S02/block_04_raw.fif
processed_data/EEG_S02/block_04_ica-raw.fif
05
rawdata/20190402_RSVP_EEG_S02/5.cnt
processed_data/EEG_S02/block_05_raw.fif
processed_data/EEG_S02/block_05_ica-raw.fif
06
rawdata/20190402_RSVP_EEG_S02/6.cnt
processed_data/EEG_S02/block_06_raw.fif
processed_data/EEG_S02/block_06_ica-raw.fif
07
rawdata/20190402_RSVP_EEG_S02/7.cnt
processed_data/EEG_S02/block_07_raw.fif
processed_data/EEG_S02/block_07_ica-raw.fif
08
rawdata/20190402_RSVP_EEG_S02/8.cnt
processed_data/EEG_S02/block_08_raw.fif
processed_data/EEG_S02/block_08_ica-raw.fif
09
rawdata/20190402_RSVP_EEG_S02/9.cnt
processed_data/EEG_S02/block_09_raw.fif
processed_data/EEG_S02/block_09_ica-raw.fif
--------------------------------------------------------------------------------
EEG_S03
10
rawdata/20191230_RSVP_EEG_S03/10.cnt
processed_data/EEG_S03/block_10_raw.fif
processed_data/EEG_S03/block_10_ica-raw.fif
11
rawdata/20191230_RSVP_EEG_S03/11.cnt
processed_data/EEG_S03/block_11_raw.fif
processed_data/EEG_S03/block_11_ica-raw.fif
02
rawdata/20191230_RSVP_EEG_S03/2.cnt
processed_data/EEG_S03/block_02_raw.fif
processed_data/EEG_S03/block_02_ica-raw.fif
03
rawdata/20191230_RSVP_EEG_S03/3.cnt
processed_data/EEG_S03/block_03_raw.fif
processed_data/EEG_S03/block_03_ica-raw.fif
04
rawdata/20191230_RSVP_EEG_S03/4.cnt
processed_data/EEG_S03/block_04_raw.fif
processed_data/EEG_S03/block_04_ica-raw.fif
05
rawdata/20191230_RSVP_EEG_S03/5.cnt
processed_data/EEG_S03/block_05_raw.fif
processed_data/EEG_S03/block_05_ica-raw.fif
06
rawdata/20191230_RSVP_EEG_S03/6.cnt
processed_data/EEG_S03/block_06_raw.fif
processed_data/EEG_S03/block_06_ica-raw.fif
07
rawdata/20191230_RSVP_EEG_S03/7.cnt
processed_data/EEG_S03/block_07_raw.fif
processed_data/EEG_S03/block_07_ica-raw.fif
08
rawdata/20191230_RSVP_EEG_S03/8.cnt
processed_data/EEG_S03/block_08_raw.fif
processed_data/EEG_S03/block_08_ica-raw.fif
09
rawdata/20191230_RSVP_EEG_S03/9.cnt
processed_data/EEG_S03/block_09_raw.fif
processed_data/EEG_S03/block_09_ica-raw.fif
--------------------------------------------------------------------------------
EEG_S04
10
rawdata/20200104_RSVP_EEG_S04/10.cnt
processed_data/EEG_S04/block_10_raw.fif
processed_data/EEG_S04/block_10_ica-raw.fif
11
rawdata/20200104_RSVP_EEG_S04/11.cnt
processed_data/EEG_S04/block_11_raw.fif
processed_data/EEG_S04/block_11_ica-raw.fif
02
rawdata/20200104_RSVP_EEG_S04/2.cnt
processed_data/EEG_S04/block_02_raw.fif
processed_data/EEG_S04/block_02_ica-raw.fif
03
rawdata/20200104_RSVP_EEG_S04/3.cnt
processed_data/EEG_S04/block_03_raw.fif
processed_data/EEG_S04/block_03_ica-raw.fif
04
rawdata/20200104_RSVP_EEG_S04/4.cnt
processed_data/EEG_S04/block_04_raw.fif
processed_data/EEG_S04/block_04_ica-raw.fif
05
rawdata/20200104_RSVP_EEG_S04/5.cnt
processed_data/EEG_S04/block_05_raw.fif
processed_data/EEG_S04/block_05_ica-raw.fif
06
rawdata/20200104_RSVP_EEG_S04/6.cnt
processed_data/EEG_S04/block_06_raw.fif
processed_data/EEG_S04/block_06_ica-raw.fif
07
rawdata/20200104_RSVP_EEG_S04/7.cnt
processed_data/EEG_S04/block_07_raw.fif
processed_data/EEG_S04/block_07_ica-raw.fif
08
rawdata/20200104_RSVP_EEG_S04/8.cnt
processed_data/EEG_S04/block_08_raw.fif
processed_data/EEG_S04/block_08_ica-raw.fif
09
rawdata/20200104_RSVP_EEG_S04/9.cnt
processed_data/EEG_S04/block_09_raw.fif
processed_data/EEG_S04/block_09_ica-raw.fif
--------------------------------------------------------------------------------
EEG_S05
10
rawdata/20200107-RSVP_EEG_S05/10.cnt
processed_data/EEG_S05/block_10_raw.fif
processed_data/EEG_S05/block_10_ica-raw.fif
11
rawdata/20200107-RSVP_EEG_S05/11.cnt
processed_data/EEG_S05/block_11_raw.fif
processed_data/EEG_S05/block_11_ica-raw.fif
02
rawdata/20200107-RSVP_EEG_S05/2.cnt
processed_data/EEG_S05/block_02_raw.fif
processed_data/EEG_S05/block_02_ica-raw.fif
03
rawdata/20200107-RSVP_EEG_S05/3.cnt
processed_data/EEG_S05/block_03_raw.fif
processed_data/EEG_S05/block_03_ica-raw.fif
04
rawdata/20200107-RSVP_EEG_S05/4.cnt
processed_data/EEG_S05/block_04_raw.fif
processed_data/EEG_S05/block_04_ica-raw.fif
05
rawdata/20200107-RSVP_EEG_S05/5.cnt
processed_data/EEG_S05/block_05_raw.fif
processed_data/EEG_S05/block_05_ica-raw.fif
06
rawdata/20200107-RSVP_EEG_S05/6.cnt
processed_data/EEG_S05/block_06_raw.fif
processed_data/EEG_S05/block_06_ica-raw.fif
07
rawdata/20200107-RSVP_EEG_S05/7.cnt
processed_data/EEG_S05/block_07_raw.fif
processed_data/EEG_S05/block_07_ica-raw.fif
08
rawdata/20200107-RSVP_EEG_S05/8.cnt
processed_data/EEG_S05/block_08_raw.fif
processed_data/EEG_S05/block_08_ica-raw.fif
09
rawdata/20200107-RSVP_EEG_S05/9.cnt
processed_data/EEG_S05/block_09_raw.fif
processed_data/EEG_S05/block_09_ica-raw.fif
--------------------------------------------------------------------------------
EEG_S06
10
rawdata/20200106_RSVP_EEG_S06/10.cnt
processed_data/EEG_S06/block_10_raw.fif
processed_data/EEG_S06/block_10_ica-raw.fif
11
rawdata/20200106_RSVP_EEG_S06/11.cnt
processed_data/EEG_S06/block_11_raw.fif
processed_data/EEG_S06/block_11_ica-raw.fif
02
rawdata/20200106_RSVP_EEG_S06/2.cnt
processed_data/EEG_S06/block_02_raw.fif
processed_data/EEG_S06/block_02_ica-raw.fif
03
rawdata/20200106_RSVP_EEG_S06/3.cnt
processed_data/EEG_S06/block_03_raw.fif
processed_data/EEG_S06/block_03_ica-raw.fif
04
rawdata/20200106_RSVP_EEG_S06/4.cnt
processed_data/EEG_S06/block_04_raw.fif
processed_data/EEG_S06/block_04_ica-raw.fif
05
rawdata/20200106_RSVP_EEG_S06/5.cnt
processed_data/EEG_S06/block_05_raw.fif
processed_data/EEG_S06/block_05_ica-raw.fif
06
rawdata/20200106_RSVP_EEG_S06/6.cnt
processed_data/EEG_S06/block_06_raw.fif
processed_data/EEG_S06/block_06_ica-raw.fif
07
rawdata/20200106_RSVP_EEG_S06/7.cnt
processed_data/EEG_S06/block_07_raw.fif
processed_data/EEG_S06/block_07_ica-raw.fif
08
rawdata/20200106_RSVP_EEG_S06/8.cnt
processed_data/EEG_S06/block_08_raw.fif
processed_data/EEG_S06/block_08_ica-raw.fif
09
rawdata/20200106_RSVP_EEG_S06/9.cnt
processed_data/EEG_S06/block_09_raw.fif
processed_data/EEG_S06/block_09_ica-raw.fif
--------------------------------------------------------------------------------
EEG_S07
10
rawdata/20200106_RSVP_EEG_S07/10.cnt
processed_data/EEG_S07/block_10_raw.fif
processed_data/EEG_S07/block_10_ica-raw.fif
11
rawdata/20200106_RSVP_EEG_S07/11.cnt
processed_data/EEG_S07/block_11_raw.fif
processed_data/EEG_S07/block_11_ica-raw.fif
02
rawdata/20200106_RSVP_EEG_S07/2.cnt
processed_data/EEG_S07/block_02_raw.fif
processed_data/EEG_S07/block_02_ica-raw.fif
03
rawdata/20200106_RSVP_EEG_S07/3.cnt
processed_data/EEG_S07/block_03_raw.fif
processed_data/EEG_S07/block_03_ica-raw.fif
04
rawdata/20200106_RSVP_EEG_S07/4.cnt
processed_data/EEG_S07/block_04_raw.fif
processed_data/EEG_S07/block_04_ica-raw.fif
05
rawdata/20200106_RSVP_EEG_S07/5.cnt
processed_data/EEG_S07/block_05_raw.fif
processed_data/EEG_S07/block_05_ica-raw.fif
06
rawdata/20200106_RSVP_EEG_S07/6.cnt
processed_data/EEG_S07/block_06_raw.fif
processed_data/EEG_S07/block_06_ica-raw.fif
07
rawdata/20200106_RSVP_EEG_S07/7.cnt
processed_data/EEG_S07/block_07_raw.fif
processed_data/EEG_S07/block_07_ica-raw.fif
08
rawdata/20200106_RSVP_EEG_S07/8.cnt
processed_data/EEG_S07/block_08_raw.fif
processed_data/EEG_S07/block_08_ica-raw.fif
09
rawdata/20200106_RSVP_EEG_S07/9.cnt
processed_data/EEG_S07/block_09_raw.fif
processed_data/EEG_S07/block_09_ica-raw.fif
--------------------------------------------------------------------------------
EEG_S08
10
rawdata/20200111-RSVP_EEG_S08/10.cnt
processed_data/EEG_S08/block_10_raw.fif
processed_data/EEG_S08/block_10_ica-raw.fif
11
rawdata/20200111-RSVP_EEG_S08/11.cnt
processed_data/EEG_S08/block_11_raw.fif
processed_data/EEG_S08/block_11_ica-raw.fif
02
rawdata/20200111-RSVP_EEG_S08/2.cnt
processed_data/EEG_S08/block_02_raw.fif
processed_data/EEG_S08/block_02_ica-raw.fif
03
rawdata/20200111-RSVP_EEG_S08/3.cnt
processed_data/EEG_S08/block_03_raw.fif
processed_data/EEG_S08/block_03_ica-raw.fif
04
rawdata/20200111-RSVP_EEG_S08/4.cnt
processed_data/EEG_S08/block_04_raw.fif
processed_data/EEG_S08/block_04_ica-raw.fif
05
rawdata/20200111-RSVP_EEG_S08/5.cnt
processed_data/EEG_S08/block_05_raw.fif
processed_data/EEG_S08/block_05_ica-raw.fif
06
rawdata/20200111-RSVP_EEG_S08/6.cnt
processed_data/EEG_S08/block_06_raw.fif
processed_data/EEG_S08/block_06_ica-raw.fif
07
rawdata/20200111-RSVP_EEG_S08/7.cnt
processed_data/EEG_S08/block_07_raw.fif
processed_data/EEG_S08/block_07_ica-raw.fif
08
rawdata/20200111-RSVP_EEG_S08/8.cnt
processed_data/EEG_S08/block_08_raw.fif
processed_data/EEG_S08/block_08_ica-raw.fif
09
rawdata/20200111-RSVP_EEG_S08/9.cnt
processed_data/EEG_S08/block_09_raw.fif
processed_data/EEG_S08/block_09_ica-raw.fif
--------------------------------------------------------------------------------
EEG_S09
10
rawdata/20200104_RSVP_EEG_S09/10.cnt
processed_data/EEG_S09/block_10_raw.fif
processed_data/EEG_S09/block_10_ica-raw.fif
11
rawdata/20200104_RSVP_EEG_S09/11.cnt
processed_data/EEG_S09/block_11_raw.fif
processed_data/EEG_S09/block_11_ica-raw.fif
02
rawdata/20200104_RSVP_EEG_S09/2.cnt
processed_data/EEG_S09/block_02_raw.fif
processed_data/EEG_S09/block_02_ica-raw.fif
03
rawdata/20200104_RSVP_EEG_S09/3.cnt
processed_data/EEG_S09/block_03_raw.fif
processed_data/EEG_S09/block_03_ica-raw.fif
04
rawdata/20200104_RSVP_EEG_S09/4.cnt
processed_data/EEG_S09/block_04_raw.fif
processed_data/EEG_S09/block_04_ica-raw.fif
05
rawdata/20200104_RSVP_EEG_S09/5.cnt
processed_data/EEG_S09/block_05_raw.fif
processed_data/EEG_S09/block_05_ica-raw.fif
06
rawdata/20200104_RSVP_EEG_S09/6.cnt
processed_data/EEG_S09/block_06_raw.fif
processed_data/EEG_S09/block_06_ica-raw.fif
07
rawdata/20200104_RSVP_EEG_S09/7.cnt
processed_data/EEG_S09/block_07_raw.fif
processed_data/EEG_S09/block_07_ica-raw.fif
08
rawdata/20200104_RSVP_EEG_S09/8.cnt
processed_data/EEG_S09/block_08_raw.fif
processed_data/EEG_S09/block_08_ica-raw.fif
09
rawdata/20200104_RSVP_EEG_S09/9.cnt
processed_data/EEG_S09/block_09_raw.fif
processed_data/EEG_S09/block_09_ica-raw.fif
--------------------------------------------------------------------------------
MEG_S01
04
rawdata/20190326_RSVP_MEG_S01/S01_lixiangTHU_20190326_04.ds
processed_data/MEG_S01/block_04_raw.fif
processed_data/MEG_S01/block_04_ica-raw.fif
05
rawdata/20190326_RSVP_MEG_S01/S01_lixiangTHU_20190326_05.ds
processed_data/MEG_S01/block_05_raw.fif
processed_data/MEG_S01/block_05_ica-raw.fif
06
rawdata/20190326_RSVP_MEG_S01/S01_lixiangTHU_20190326_06.ds
processed_data/MEG_S01/block_06_raw.fif
processed_data/MEG_S01/block_06_ica-raw.fif
07
rawdata/20190326_RSVP_MEG_S01/S01_lixiangTHU_20190326_07.ds
processed_data/MEG_S01/block_07_raw.fif
processed_data/MEG_S01/block_07_ica-raw.fif
08
rawdata/20190326_RSVP_MEG_S01/S01_lixiangTHU_20190326_08.ds
processed_data/MEG_S01/block_08_raw.fif
processed_data/MEG_S01/block_08_ica-raw.fif
